<?xml version="1.0" encoding="UTF-8"?>
<!-- Generated by org.testng.reporters.JUnitReportReporter -->
<testsuite hostname="LAPTOP-NVC1LQ7I" failures="0" tests="6" name="TestNG_project.InvocationCount_Priority" time="0.059" errors="0" timestamp="2023-05-20T10:33:34 IST" skipped="0">
  <testcase classname="TestNG_project.InvocationCount_Priority" name="sony" time="0.003"/>
  <system-out/>
  <testcase classname="TestNG_project.InvocationCount_Priority" name="raja" time="0.003"/>
  <system-out/>
  <testcase classname="TestNG_project.InvocationCount_Priority" name="raja" time="0.005"/>
  <system-out/>
  <testcase classname="TestNG_project.InvocationCount_Priority" name="anil" time="0.033"/>
  <system-out/>
  <testcase classname="TestNG_project.InvocationCount_Priority" name="anil" time="0.006"/>
  <system-out/>
  <testcase classname="TestNG_project.InvocationCount_Priority" name="anil" time="0.009"/>
  <system-out/>
</testsuite> <!-- TestNG_project.InvocationCount_Priority -->
