<?xml version="1.0" encoding="UTF-8"?>
<!-- Generated by org.testng.reporters.JUnitReportReporter -->
<testsuite hostname="LAPTOP-NVC1LQ7I" failures="0" tests="9" name="TestNG_project.InvocationCount" time="0.045" errors="0" timestamp="2023-05-20T10:33:34 IST" skipped="0">
  <testcase classname="TestNG_project.InvocationCount" name="sipra" time="0.003"/>
  <system-out/>
  <testcase classname="TestNG_project.InvocationCount" name="anil" time="0.002"/>
  <system-out/>
  <testcase classname="TestNG_project.InvocationCount" name="raja" time="0.002"/>
  <system-out/>
  <testcase classname="TestNG_project.InvocationCount" name="anil" time="0.006"/>
  <system-out/>
  <testcase classname="TestNG_project.InvocationCount" name="raja" time="0.019"/>
  <system-out/>
  <testcase classname="TestNG_project.InvocationCount" name="anil" time="0.003"/>
  <system-out/>
  <testcase classname="TestNG_project.InvocationCount" name="raja" time="0.001"/>
  <system-out/>
  <testcase classname="TestNG_project.InvocationCount" name="anil" time="0.004"/>
  <system-out/>
  <testcase classname="TestNG_project.InvocationCount" name="sipra" time="0.005"/>
  <system-out/>
</testsuite> <!-- TestNG_project.InvocationCount -->
