<?xml version="1.0" encoding="UTF-8"?>
<!-- Generated by org.testng.reporters.JUnitReportReporter -->
<testsuite hostname="LAPTOP-NVC1LQ7I" failures="0" tests="3" name="TestCase_Class.ActitimeLogin_Logout" time="57.153" errors="0" timestamp="2023-06-03T12:06:53 IST" skipped="0">
  <testcase classname="TestCase_Class.ActitimeLogin_Logout" name="loginLogout" time="25.412"/>
  <system-out/>
  <testcase classname="TestCase_Class.ActitimeLogin_Logout" name="create_Customer" time="16.130"/>
  <system-out/>
  <testcase classname="TestCase_Class.ActitimeLogin_Logout" name="create_Customer" time="15.611"/>
  <system-out/>
</testsuite> <!-- TestCase_Class.ActitimeLogin_Logout -->
