<?xml version="1.0" encoding="UTF-8"?>
<!-- Generated by org.testng.reporters.JUnitReportReporter -->
<testsuite hostname="LAPTOP-NVC1LQ7I" failures="0" tests="1" name="FeatchXL_file.FeathdataExcelSheet" time="1.370" errors="0" timestamp="2023-05-25T19:25:17 IST" skipped="0">
  <testcase classname="FeatchXL_file.FeathdataExcelSheet" name="readExcelFile" time="1.370"/>
  <system-out/>
</testsuite> <!-- FeatchXL_file.FeathdataExcelSheet -->
