<?xml version="1.0" encoding="UTF-8"?>
<!-- Generated by org.testng.reporters.JUnitReportReporter -->
<testsuite hostname="LAPTOP-NVC1LQ7I" failures="0" tests="1" name="TestCase_Class.TestCase_1_loginlogout" time="8.128" errors="0" timestamp="2023-06-03T15:52:01 IST" skipped="0">
  <testcase classname="TestCase_Class.TestCase_1_loginlogout" name="loginlogout" time="8.128"/>
  <system-out/>
</testsuite> <!-- TestCase_Class.TestCase_1_loginlogout -->
