<?xml version="1.0" encoding="UTF-8"?>
<!-- Generated by org.testng.reporters.JUnitReportReporter -->
<testsuite hostname="LAPTOP-NVC1LQ7I" failures="0" tests="4" name="TestNG_project.Priority_2" time="0.012" errors="0" timestamp="2023-05-20T10:33:34 IST" skipped="0">
  <testcase classname="TestNG_project.Priority_2" name="harapriya" time="0.002"/>
  <system-out/>
  <testcase classname="TestNG_project.Priority_2" name="ipsita" time="0.002"/>
  <system-out/>
  <testcase classname="TestNG_project.Priority_2" name="anil" time="0.002"/>
  <system-out/>
  <testcase classname="TestNG_project.Priority_2" name="soumya" time="0.006"/>
  <system-out/>
</testsuite> <!-- TestNG_project.Priority_2 -->
