<?xml version="1.0" encoding="UTF-8"?>
<!-- Generated by org.testng.reporters.JUnitReportReporter -->
<testsuite hostname="LAPTOP-NVC1LQ7I" failures="0" tests="2" name="TestNG_project.EnableMethod" time="0.003" errors="0" timestamp="2023-05-20T10:33:34 IST" skipped="1">
  <testcase classname="TestNG_project.EnableMethod" name="anil" time="0.003"/>
  <system-out/>
  <testcase classname="TestNG_project.EnableMethod" name="soumya">
    <skipped/>
  </testcase> <!-- soumya -->
  <system-out/>
</testsuite> <!-- TestNG_project.EnableMethod -->
