<?xml version="1.0" encoding="UTF-8"?>
<!-- Generated by org.testng.reporters.JUnitReportReporter -->
<testsuite hostname="LAPTOP-NVC1LQ7I" failures="0" tests="1" name="FeatchXL_file.FeatchDataExcelSheet_2" time="1.133" errors="0" timestamp="2023-06-01T20:50:37 IST" skipped="0">
  <testcase classname="FeatchXL_file.FeatchDataExcelSheet_2" name="readdataExcel" time="1.133"/>
  <system-out/>
</testsuite> <!-- FeatchXL_file.FeatchDataExcelSheet_2 -->
