<?xml version="1.0" encoding="UTF-8"?>
<!-- Generated by org.testng.reporters.JUnitReportReporter -->
<testsuite hostname="LAPTOP-NVC1LQ7I" failures="0" tests="3" name="TestNG_project.MultipleTestMethod" time="0.007" errors="0" timestamp="2023-05-20T10:33:34 IST" skipped="0">
  <testcase classname="TestNG_project.MultipleTestMethod" name="ipsita" time="0.002"/>
  <system-out/>
  <testcase classname="TestNG_project.MultipleTestMethod" name="harapriya" time="0.002"/>
  <system-out/>
  <testcase classname="TestNG_project.MultipleTestMethod" name="anjali" time="0.003"/>
  <system-out/>
</testsuite> <!-- TestNG_project.MultipleTestMethod -->
