<?xml version="1.0" encoding="UTF-8"?>
<!-- Generated by org.testng.reporters.JUnitReportReporter -->
<testsuite hostname="LAPTOP-NVC1LQ7I" failures="0" tests="1" name="testcase.TC1_ActitimeLoginLogoute" time="18.067" errors="0" timestamp="2023-06-02T16:29:39 IST" skipped="0">
  <testcase classname="testcase.TC1_ActitimeLoginLogoute" name="loginLogout" time="18.067"/>
  <system-out>
    <![CDATA[both title are matching]]>
  </system-out>
</testsuite> <!-- testcase.TC1_ActitimeLoginLogoute -->
