<?xml version="1.0" encoding="UTF-8"?>
<!-- Generated by org.testng.reporters.JUnitReportReporter -->
<testsuite hostname="LAPTOP-NVC1LQ7I" failures="0" tests="2" name="testcase.TC1_Actitime_Screenshot" time="15.883" errors="0" timestamp="2023-06-02T16:29:39 IST" skipped="0">
  <testcase classname="testcase.TC1_Actitime_Screenshot" name="loginLogout" time="13.979"/>
  <system-out>
    <![CDATA[both title are matching]]>
  </system-out>
  <testcase classname="testcase.TC1_Actitime_Screenshot" name="logout" time="1.904"/>
  <system-out/>
</testsuite> <!-- testcase.TC1_Actitime_Screenshot -->
