<?xml version="1.0" encoding="UTF-8"?>
<!-- Generated by org.testng.reporters.JUnitReportReporter -->
<testsuite hostname="LAPTOP-NVC1LQ7I" failures="0" tests="1" name="testcase.WebtableScreenShot" time="11.190" errors="0" timestamp="2023-06-02T17:03:29 IST" skipped="0">
  <testcase classname="testcase.WebtableScreenShot" name="screenshotWebTable" time="11.190"/>
  <system-out/>
</testsuite> <!-- testcase.WebtableScreenShot -->
