<?xml version="1.0" encoding="UTF-8"?>
<!-- Generated by org.testng.reporters.JUnitReportReporter -->
<testsuite hostname="LAPTOP-NVC1LQ7I" failures="0" tests="1" name="com.actitime.testcases.TC1_ActitimeLoginLogoute" time="17.458" errors="0" timestamp="2023-06-03T21:12:34 IST" skipped="0">
  <testcase classname="com.actitime.testcases.TC1_ActitimeLoginLogoute" name="loginLogout" time="17.458"/>
  <system-out>
    <![CDATA[both title are matching]]>
  </system-out>
</testsuite> <!-- com.actitime.testcases.TC1_ActitimeLoginLogoute -->
